<?xml version="1.0" encoding="UTF-8"?>
<!-- Generated by org.testng.reporters.JUnitReportReporter -->
<testsuite skipped="0" hostname="RAVI-VAIO" name="com.banking.testcase.TC_LoginTest_001" tests="1" failures="0" timestamp="15 Nov 2019 02:44:21 GMT" time="18.429" errors="0">
  <testcase name="loginTest" time="18.429" classname="com.banking.testcase.TC_LoginTest_001"/>
</testsuite> <!-- com.banking.testcase.TC_LoginTest_001 -->
