<?xml version="1.0" encoding="UTF-8"?>
<!-- Generated by org.testng.reporters.JUnitReportReporter -->
<testsuite skipped="0" hostname="RAVI-VAIO" name="com.banking.testcase.TC_LoginTest_001" tests="1" failures="0" timestamp="12 Nov 2019 05:05:13 GMT" time="6.520" errors="0">
  <testcase name="loginTest" time="6.520" classname="com.banking.testcase.TC_LoginTest_001"/>
</testsuite> <!-- com.banking.testcase.TC_LoginTest_001 -->
