<?xml version="1.0" encoding="UTF-8"?>
<!-- Generated by org.testng.reporters.JUnitReportReporter -->
<testsuite skipped="0" hostname="RAVI-VAIO" name="com.banking.testcase.TC_LoginTest_001" tests="1" failures="0" timestamp="13 Nov 2019 05:32:54 GMT" time="6.491" errors="0">
  <testcase name="loginTest" time="6.491" classname="com.banking.testcase.TC_LoginTest_001"/>
</testsuite> <!-- com.banking.testcase.TC_LoginTest_001 -->
